app/build/intermediates/manifest_merge_blame_file/release/manifest-merger-blame-release-report.txt
1<?xml version="1.0" encoding="utf-8"?>
2<manifest xmlns:android="http://schemas.android.com/apk/res/android"
3    package="com.czluciusdev.diceroller"
4    android:versionCode="1"
5    android:versionName="1.0" >
6
7    <uses-sdk
8        android:minSdkVersion="14"
8-->src/main/AndroidManifest.xml
9        android:targetSdkVersion="29" />
9-->src/main/AndroidManifest.xml
10
11    <application
11-->src/main/AndroidManifest.xml:7:5-22:19
12        android:allowBackup="false"
12-->src/main/AndroidManifest.xml:8:9-36
13        android:appComponentFactory="androidx.core.app.CoreComponentFactory"
13-->[androidx.core:core:1.2.0] AndroidManifest.xml:24:18-86
14        android:icon="@drawable/ic_app_logo"
14-->src/main/AndroidManifest.xml:9:9-45
15        android:label="@string/app_name"
15-->src/main/AndroidManifest.xml:10:9-41
16        android:roundIcon="@mipmap/ic_app_round"
16-->src/main/AndroidManifest.xml:11:9-49
17        android:supportsRtl="true"
17-->src/main/AndroidManifest.xml:12:9-35
18        android:theme="@style/AppTheme" >
18-->src/main/AndroidManifest.xml:13:9-40
19        <activity
19-->src/main/AndroidManifest.xml:14:9-21:20
20            android:name="com.czluciusdev.diceroller.MainActivity"
20-->src/main/AndroidManifest.xml:14:19-73
21            android:screenOrientation="portrait" >
21-->src/main/AndroidManifest.xml:15:13-49
22            <intent-filter>
22-->src/main/AndroidManifest.xml:16:13-20:29
23                <action android:name="android.intent.action.MAIN" />
23-->src/main/AndroidManifest.xml:17:17-69
23-->src/main/AndroidManifest.xml:17:25-66
24
25                <category android:name="android.intent.category.LAUNCHER" />
25-->src/main/AndroidManifest.xml:18:17-77
25-->src/main/AndroidManifest.xml:18:27-74
26            </intent-filter>
27        </activity>
28
29        <provider
29-->[androidx.lifecycle:lifecycle-process:2.2.0] AndroidManifest.xml:25:9-29:43
30            android:name="androidx.lifecycle.ProcessLifecycleOwnerInitializer"
30-->[androidx.lifecycle:lifecycle-process:2.2.0] AndroidManifest.xml:26:13-79
31            android:authorities="com.czluciusdev.diceroller.lifecycle-process"
31-->[androidx.lifecycle:lifecycle-process:2.2.0] AndroidManifest.xml:27:13-69
32            android:exported="false"
32-->[androidx.lifecycle:lifecycle-process:2.2.0] AndroidManifest.xml:28:13-37
33            android:multiprocess="true" />
33-->[androidx.lifecycle:lifecycle-process:2.2.0] AndroidManifest.xml:29:13-40
34    </application>
35
36</manifest>